Fri Apr 01 21:02:00 EEST 2022 : Apache Derby Network Server - 10.11.1.2 - (1629631) started and ready to accept connections on port 1527
----------------------------------------------------------------
Fri Apr 01 21:02:09 EEST 2022:
Booting Derby version The Apache Software Foundation - Apache Derby - 10.11.1.2 - (1629631): instance a816c00e-017f-e64a-8f46-000056a0cabb 
on database directory C:\Users\User\Documents\GitHub\JavaDerbyDB_SwingRetailERP_InvoiceMyDataAPI\database\InvoiceMyDataAPI with class loader sun.misc.Launcher$AppClassLoader@6f94fa3e 
Loaded from file:/C:/Program%20Files/Java/jdk1.8.0_111/db/lib/derby.jar
java.vendor=Oracle Corporation
java.runtime.version=1.8.0_111-b14
user.dir=C:\Program Files\Java\jdk1.8.0_111\db
os.name=Windows 10
os.arch=amd64
os.version=10.0
derby.system.home=C:\Users\User\Documents\GitHub\JavaDerbyDB_SwingRetailERP_InvoiceMyDataAPI\database
Database Class Loader started - derby.database.classpath=''
----------------------------------------------------------------
Sat Apr 02 18:01:46 EEST 2022: Shutting down Derby engine
----------------------------------------------------------------
Sat Apr 02 18:01:46 EEST 2022:
Shutting down instance a816c00e-017f-e64a-8f46-000056a0cabb on database directory C:\Users\User\Documents\GitHub\JavaDerbyDB_SwingRetailERP_InvoiceMyDataAPI\database\InvoiceMyDataAPI with class loader sun.misc.Launcher$AppClassLoader@6f94fa3e 
----------------------------------------------------------------
